[0.460s] Invoking command in '/home/eunseop/nrs_media/build/nrs_hand_teleop': CONDA_PROMPT_MODIFIER=(env_hand) PYTHONPATH=/home/eunseop/nrs_media/build/nrs_hand_teleop/prefix_override:/home/eunseop/anaconda3/envs/env_hand/lib/python3.10/site-packages/colcon_core/task/python/colcon_distutils_commands:/home/eunseop/nrs_media/install/nrs_hand_teleop/lib/python3.10/site-packages:${PYTHONPATH} /home/eunseop/anaconda3/envs/env_hand/bin/python3 -W ignore:setup.py install is deprecated -W ignore:easy_install command is deprecated setup.py develop --editable --build-directory /home/eunseop/nrs_media/build/nrs_hand_teleop/build --no-deps symlink_data
[0.578s] running develop
[0.632s] running egg_info
[0.637s] creating nrs_hand_teleop.egg-info
[0.637s] writing nrs_hand_teleop.egg-info/PKG-INFO
[0.638s] writing dependency_links to nrs_hand_teleop.egg-info/dependency_links.txt
[0.638s] writing requirements to nrs_hand_teleop.egg-info/requires.txt
[0.638s] writing top-level names to nrs_hand_teleop.egg-info/top_level.txt
[0.638s] writing manifest file 'nrs_hand_teleop.egg-info/SOURCES.txt'
[0.648s] reading manifest file 'nrs_hand_teleop.egg-info/SOURCES.txt'
[0.648s] writing manifest file 'nrs_hand_teleop.egg-info/SOURCES.txt'
[0.653s] running build_ext
[0.654s] Creating /home/eunseop/nrs_media/install/nrs_hand_teleop/lib/python3.10/site-packages/nrs-hand-teleop.egg-link (link to .)
[0.654s] 
[0.654s] Installed /home/eunseop/nrs_media/build/nrs_hand_teleop
[0.654s] running symlink_data
[0.654s] creating /home/eunseop/nrs_media/install/nrs_hand_teleop/share/ament_index/resource_index/packages
[0.654s] symbolically linking /home/eunseop/nrs_media/build/nrs_hand_teleop/resource/nrs_hand_teleop -> /home/eunseop/nrs_media/install/nrs_hand_teleop/share/ament_index/resource_index/packages
[0.654s] symbolically linking /home/eunseop/nrs_media/build/nrs_hand_teleop/package.xml -> /home/eunseop/nrs_media/install/nrs_hand_teleop/share/nrs_hand_teleop
[0.681s] Invoked command in '/home/eunseop/nrs_media/build/nrs_hand_teleop' returned '0': CONDA_PROMPT_MODIFIER=(env_hand) PYTHONPATH=/home/eunseop/nrs_media/build/nrs_hand_teleop/prefix_override:/home/eunseop/anaconda3/envs/env_hand/lib/python3.10/site-packages/colcon_core/task/python/colcon_distutils_commands:/home/eunseop/nrs_media/install/nrs_hand_teleop/lib/python3.10/site-packages:${PYTHONPATH} /home/eunseop/anaconda3/envs/env_hand/bin/python3 -W ignore:setup.py install is deprecated -W ignore:easy_install command is deprecated setup.py develop --editable --build-directory /home/eunseop/nrs_media/build/nrs_hand_teleop/build --no-deps symlink_data
