[0.452s] Invoking command in '/home/eunseop/nrs_media/build/nrs_media_bringup': CONDA_PROMPT_MODIFIER=(env_hand) PYTHONPATH=/home/eunseop/nrs_media/build/nrs_media_bringup/prefix_override:/home/eunseop/anaconda3/envs/env_hand/lib/python3.10/site-packages/colcon_core/task/python/colcon_distutils_commands:/home/eunseop/nrs_media/install/nrs_media_bringup/lib/python3.10/site-packages:${PYTHONPATH} /home/eunseop/anaconda3/envs/env_hand/bin/python3 -W ignore:setup.py install is deprecated -W ignore:easy_install command is deprecated setup.py develop --editable --build-directory /home/eunseop/nrs_media/build/nrs_media_bringup/build --no-deps symlink_data
[0.572s] running develop
[0.626s] running egg_info
[0.631s] creating nrs_media_bringup.egg-info
[0.631s] writing nrs_media_bringup.egg-info/PKG-INFO
[0.631s] writing dependency_links to nrs_media_bringup.egg-info/dependency_links.txt
[0.631s] writing requirements to nrs_media_bringup.egg-info/requires.txt
[0.631s] writing top-level names to nrs_media_bringup.egg-info/top_level.txt
[0.631s] writing manifest file 'nrs_media_bringup.egg-info/SOURCES.txt'
[0.641s] reading manifest file 'nrs_media_bringup.egg-info/SOURCES.txt'
[0.642s] writing manifest file 'nrs_media_bringup.egg-info/SOURCES.txt'
[0.647s] running build_ext
[0.647s] Creating /home/eunseop/nrs_media/install/nrs_media_bringup/lib/python3.10/site-packages/nrs-media-bringup.egg-link (link to .)
[0.647s] 
[0.647s] Installed /home/eunseop/nrs_media/build/nrs_media_bringup
[0.647s] running symlink_data
[0.647s] creating /home/eunseop/nrs_media/install/nrs_media_bringup/share/ament_index/resource_index/packages
[0.647s] symbolically linking /home/eunseop/nrs_media/build/nrs_media_bringup/resource/nrs_media_bringup -> /home/eunseop/nrs_media/install/nrs_media_bringup/share/ament_index/resource_index/packages
[0.647s] symbolically linking /home/eunseop/nrs_media/build/nrs_media_bringup/package.xml -> /home/eunseop/nrs_media/install/nrs_media_bringup/share/nrs_media_bringup
[0.671s] Invoked command in '/home/eunseop/nrs_media/build/nrs_media_bringup' returned '0': CONDA_PROMPT_MODIFIER=(env_hand) PYTHONPATH=/home/eunseop/nrs_media/build/nrs_media_bringup/prefix_override:/home/eunseop/anaconda3/envs/env_hand/lib/python3.10/site-packages/colcon_core/task/python/colcon_distutils_commands:/home/eunseop/nrs_media/install/nrs_media_bringup/lib/python3.10/site-packages:${PYTHONPATH} /home/eunseop/anaconda3/envs/env_hand/bin/python3 -W ignore:setup.py install is deprecated -W ignore:easy_install command is deprecated setup.py develop --editable --build-directory /home/eunseop/nrs_media/build/nrs_media_bringup/build --no-deps symlink_data
