[0.052s] DEBUG:colcon:Command line arguments: ['/usr/bin/colcon', 'build', '--symlink-install']
[0.052s] DEBUG:colcon:Parsed command line arguments: Namespace(log_base=None, log_level=None, verb_name='build', build_base='build', install_base='install', merge_install=False, symlink_install=True, test_result_base=None, continue_on_error=False, executor='parallel', parallel_workers=16, event_handlers=None, ignore_user_meta=False, metas=['./colcon.meta'], base_paths=['.'], packages_ignore=None, packages_ignore_regex=None, paths=None, packages_up_to=None, packages_up_to_regex=None, packages_above=None, packages_above_and_dependencies=None, packages_above_depth=None, packages_select_by_dep=None, packages_skip_by_dep=None, packages_skip_up_to=None, packages_select_build_failed=False, packages_skip_build_finished=False, packages_select_test_failures=False, packages_skip_test_passed=False, packages_select=None, packages_skip=None, packages_select_regex=None, packages_skip_regex=None, packages_start=None, packages_end=None, allow_overriding=[], cmake_args=None, cmake_target=None, cmake_target_skip_unavailable=False, cmake_clean_cache=False, cmake_clean_first=False, cmake_force_configure=False, ament_cmake_args=None, catkin_cmake_args=None, catkin_skip_building_tests=False, verb_parser=<colcon_defaults.argument_parser.defaults.DefaultArgumentsDecorator object at 0x75fd2aa935b0>, verb_extension=<colcon_core.verb.build.BuildVerb object at 0x75fd2aa48c10>, main=<bound method BuildVerb.main of <colcon_core.verb.build.BuildVerb object at 0x75fd2aa48c10>>)
[0.129s] Level 1:colcon.colcon_core.package_discovery:discover_packages(colcon_meta) check parameters
[0.129s] Level 1:colcon.colcon_core.package_discovery:discover_packages(recursive) check parameters
[0.129s] Level 1:colcon.colcon_core.package_discovery:discover_packages(ignore) check parameters
[0.129s] Level 1:colcon.colcon_core.package_discovery:discover_packages(path) check parameters
[0.129s] Level 1:colcon.colcon_core.package_discovery:discover_packages(colcon_meta) discover
[0.129s] Level 1:colcon.colcon_core.package_discovery:discover_packages(recursive) discover
[0.129s] INFO:colcon.colcon_core.package_discovery:Crawling recursively for packages in '/home/eunseop/nrs_media'
[0.129s] Level 1:colcon.colcon_core.package_identification:_identify(.) by extensions ['ignore', 'ignore_ament_install']
[0.129s] Level 1:colcon.colcon_core.package_identification:_identify(.) by extension 'ignore'
[0.129s] Level 1:colcon.colcon_core.package_identification:_identify(.) by extension 'ignore_ament_install'
[0.129s] Level 1:colcon.colcon_core.package_identification:_identify(.) by extensions ['colcon_pkg']
[0.129s] Level 1:colcon.colcon_core.package_identification:_identify(.) by extension 'colcon_pkg'
[0.129s] Level 1:colcon.colcon_core.package_identification:_identify(.) by extensions ['colcon_meta']
[0.129s] Level 1:colcon.colcon_core.package_identification:_identify(.) by extension 'colcon_meta'
[0.129s] Level 1:colcon.colcon_core.package_identification:_identify(.) by extensions ['ros']
[0.129s] Level 1:colcon.colcon_core.package_identification:_identify(.) by extension 'ros'
[0.140s] Level 1:colcon.colcon_core.package_identification:_identify(.) by extensions ['cmake', 'python']
[0.140s] Level 1:colcon.colcon_core.package_identification:_identify(.) by extension 'cmake'
[0.140s] Level 1:colcon.colcon_core.package_identification:_identify(.) by extension 'python'
[0.140s] Level 1:colcon.colcon_core.package_identification:_identify(.) by extensions ['python_setup_py']
[0.140s] Level 1:colcon.colcon_core.package_identification:_identify(.) by extension 'python_setup_py'
[0.140s] Level 1:colcon.colcon_core.package_identification:_identify(build) by extensions ['ignore', 'ignore_ament_install']
[0.140s] Level 1:colcon.colcon_core.package_identification:_identify(build) by extension 'ignore'
[0.140s] Level 1:colcon.colcon_core.package_identification:_identify(build) ignored
[0.140s] Level 1:colcon.colcon_core.package_identification:_identify(install) by extensions ['ignore', 'ignore_ament_install']
[0.140s] Level 1:colcon.colcon_core.package_identification:_identify(install) by extension 'ignore'
[0.140s] Level 1:colcon.colcon_core.package_identification:_identify(install) ignored
[0.140s] Level 1:colcon.colcon_core.package_identification:_identify(log) by extensions ['ignore', 'ignore_ament_install']
[0.140s] Level 1:colcon.colcon_core.package_identification:_identify(log) by extension 'ignore'
[0.140s] Level 1:colcon.colcon_core.package_identification:_identify(log) ignored
[0.140s] Level 1:colcon.colcon_core.package_identification:_identify(src) by extensions ['ignore', 'ignore_ament_install']
[0.140s] Level 1:colcon.colcon_core.package_identification:_identify(src) by extension 'ignore'
[0.140s] Level 1:colcon.colcon_core.package_identification:_identify(src) by extension 'ignore_ament_install'
[0.140s] Level 1:colcon.colcon_core.package_identification:_identify(src) by extensions ['colcon_pkg']
[0.140s] Level 1:colcon.colcon_core.package_identification:_identify(src) by extension 'colcon_pkg'
[0.140s] Level 1:colcon.colcon_core.package_identification:_identify(src) by extensions ['colcon_meta']
[0.140s] Level 1:colcon.colcon_core.package_identification:_identify(src) by extension 'colcon_meta'
[0.140s] Level 1:colcon.colcon_core.package_identification:_identify(src) by extensions ['ros']
[0.140s] Level 1:colcon.colcon_core.package_identification:_identify(src) by extension 'ros'
[0.140s] Level 1:colcon.colcon_core.package_identification:_identify(src) by extensions ['cmake', 'python']
[0.140s] Level 1:colcon.colcon_core.package_identification:_identify(src) by extension 'cmake'
[0.140s] Level 1:colcon.colcon_core.package_identification:_identify(src) by extension 'python'
[0.140s] Level 1:colcon.colcon_core.package_identification:_identify(src) by extensions ['python_setup_py']
[0.140s] Level 1:colcon.colcon_core.package_identification:_identify(src) by extension 'python_setup_py'
[0.140s] Level 1:colcon.colcon_core.package_identification:_identify(src/nrs_hand_teleop) by extensions ['ignore', 'ignore_ament_install']
[0.140s] Level 1:colcon.colcon_core.package_identification:_identify(src/nrs_hand_teleop) by extension 'ignore'
[0.140s] Level 1:colcon.colcon_core.package_identification:_identify(src/nrs_hand_teleop) by extension 'ignore_ament_install'
[0.140s] Level 1:colcon.colcon_core.package_identification:_identify(src/nrs_hand_teleop) by extensions ['colcon_pkg']
[0.140s] Level 1:colcon.colcon_core.package_identification:_identify(src/nrs_hand_teleop) by extension 'colcon_pkg'
[0.140s] Level 1:colcon.colcon_core.package_identification:_identify(src/nrs_hand_teleop) by extensions ['colcon_meta']
[0.140s] Level 1:colcon.colcon_core.package_identification:_identify(src/nrs_hand_teleop) by extension 'colcon_meta'
[0.140s] Level 1:colcon.colcon_core.package_identification:_identify(src/nrs_hand_teleop) by extensions ['ros']
[0.141s] Level 1:colcon.colcon_core.package_identification:_identify(src/nrs_hand_teleop) by extension 'ros'
[0.142s] DEBUG:colcon.colcon_core.package_identification:Package 'src/nrs_hand_teleop' with type 'ros.ament_python' and name 'nrs_hand_teleop'
[0.142s] Level 1:colcon.colcon_core.package_identification:_identify(src/nrs_media_bringup) by extensions ['ignore', 'ignore_ament_install']
[0.142s] Level 1:colcon.colcon_core.package_identification:_identify(src/nrs_media_bringup) by extension 'ignore'
[0.142s] Level 1:colcon.colcon_core.package_identification:_identify(src/nrs_media_bringup) by extension 'ignore_ament_install'
[0.142s] Level 1:colcon.colcon_core.package_identification:_identify(src/nrs_media_bringup) by extensions ['colcon_pkg']
[0.142s] Level 1:colcon.colcon_core.package_identification:_identify(src/nrs_media_bringup) by extension 'colcon_pkg'
[0.142s] Level 1:colcon.colcon_core.package_identification:_identify(src/nrs_media_bringup) by extensions ['colcon_meta']
[0.142s] Level 1:colcon.colcon_core.package_identification:_identify(src/nrs_media_bringup) by extension 'colcon_meta'
[0.142s] Level 1:colcon.colcon_core.package_identification:_identify(src/nrs_media_bringup) by extensions ['ros']
[0.142s] Level 1:colcon.colcon_core.package_identification:_identify(src/nrs_media_bringup) by extension 'ros'
[0.143s] DEBUG:colcon.colcon_core.package_identification:Package 'src/nrs_media_bringup' with type 'ros.ament_python' and name 'nrs_media_bringup'
[0.143s] Level 1:colcon.colcon_core.package_identification:_identify(src/nrs_mediapipe) by extensions ['ignore', 'ignore_ament_install']
[0.143s] Level 1:colcon.colcon_core.package_identification:_identify(src/nrs_mediapipe) by extension 'ignore'
[0.143s] Level 1:colcon.colcon_core.package_identification:_identify(src/nrs_mediapipe) by extension 'ignore_ament_install'
[0.143s] Level 1:colcon.colcon_core.package_identification:_identify(src/nrs_mediapipe) by extensions ['colcon_pkg']
[0.143s] Level 1:colcon.colcon_core.package_identification:_identify(src/nrs_mediapipe) by extension 'colcon_pkg'
[0.143s] Level 1:colcon.colcon_core.package_identification:_identify(src/nrs_mediapipe) by extensions ['colcon_meta']
[0.143s] Level 1:colcon.colcon_core.package_identification:_identify(src/nrs_mediapipe) by extension 'colcon_meta'
[0.143s] Level 1:colcon.colcon_core.package_identification:_identify(src/nrs_mediapipe) by extensions ['ros']
[0.143s] Level 1:colcon.colcon_core.package_identification:_identify(src/nrs_mediapipe) by extension 'ros'
[0.143s] DEBUG:colcon.colcon_core.package_identification:Package 'src/nrs_mediapipe' with type 'ros.ament_python' and name 'nrs_mediapipe'
[0.143s] Level 1:colcon.colcon_core.package_discovery:discover_packages(recursive) using defaults
[0.143s] Level 1:colcon.colcon_core.package_discovery:discover_packages(ignore) discover
[0.143s] Level 1:colcon.colcon_core.package_discovery:discover_packages(ignore) using defaults
[0.143s] Level 1:colcon.colcon_core.package_discovery:discover_packages(path) discover
[0.143s] Level 1:colcon.colcon_core.package_discovery:discover_packages(path) using defaults
[0.153s] Level 1:colcon.colcon_core.package_discovery:discover_packages(prefix_path) check parameters
[0.153s] Level 1:colcon.colcon_core.package_discovery:discover_packages(prefix_path) discover
[0.156s] DEBUG:colcon.colcon_installed_package_information.package_discovery:Found 3 installed packages in /home/eunseop/nrs_media/install
[0.156s] DEBUG:colcon.colcon_installed_package_information.package_discovery:Found 5 installed packages in /home/eunseop/dualarm_ws/install
[0.156s] DEBUG:colcon.colcon_installed_package_information.package_discovery:Found 8 installed packages in /home/eunseop/dev_ws/install
[0.156s] DEBUG:colcon.colcon_installed_package_information.package_discovery:Found 6 installed packages in /home/eunseop/nrs_ws/install
[0.156s] DEBUG:colcon.colcon_installed_package_information.package_discovery:Found 5 installed packages in /home/eunseop/nrs_act/behavior_ws/install
[0.157s] DEBUG:colcon.colcon_installed_package_information.package_discovery:Found 415 installed packages in /opt/ros/humble
[0.158s] Level 1:colcon.colcon_core.package_discovery:discover_packages(prefix_path) using defaults
[0.210s] Level 5:colcon.colcon_core.verb:set package 'nrs_hand_teleop' build argument 'cmake_args' from command line to 'None'
[0.210s] Level 5:colcon.colcon_core.verb:set package 'nrs_hand_teleop' build argument 'cmake_target' from command line to 'None'
[0.210s] Level 5:colcon.colcon_core.verb:set package 'nrs_hand_teleop' build argument 'cmake_target_skip_unavailable' from command line to 'False'
[0.210s] Level 5:colcon.colcon_core.verb:set package 'nrs_hand_teleop' build argument 'cmake_clean_cache' from command line to 'False'
[0.210s] Level 5:colcon.colcon_core.verb:set package 'nrs_hand_teleop' build argument 'cmake_clean_first' from command line to 'False'
[0.210s] Level 5:colcon.colcon_core.verb:set package 'nrs_hand_teleop' build argument 'cmake_force_configure' from command line to 'False'
[0.210s] Level 5:colcon.colcon_core.verb:set package 'nrs_hand_teleop' build argument 'ament_cmake_args' from command line to 'None'
[0.210s] Level 5:colcon.colcon_core.verb:set package 'nrs_hand_teleop' build argument 'catkin_cmake_args' from command line to 'None'
[0.210s] Level 5:colcon.colcon_core.verb:set package 'nrs_hand_teleop' build argument 'catkin_skip_building_tests' from command line to 'False'
[0.210s] DEBUG:colcon.colcon_core.verb:Building package 'nrs_hand_teleop' with the following arguments: {'ament_cmake_args': None, 'build_base': '/home/eunseop/nrs_media/build/nrs_hand_teleop', 'catkin_cmake_args': None, 'catkin_skip_building_tests': False, 'cmake_args': None, 'cmake_clean_cache': False, 'cmake_clean_first': False, 'cmake_force_configure': False, 'cmake_target': None, 'cmake_target_skip_unavailable': False, 'install_base': '/home/eunseop/nrs_media/install/nrs_hand_teleop', 'merge_install': False, 'path': '/home/eunseop/nrs_media/src/nrs_hand_teleop', 'symlink_install': True, 'test_result_base': None}
[0.211s] Level 5:colcon.colcon_core.verb:set package 'nrs_media_bringup' build argument 'cmake_args' from command line to 'None'
[0.211s] Level 5:colcon.colcon_core.verb:set package 'nrs_media_bringup' build argument 'cmake_target' from command line to 'None'
[0.211s] Level 5:colcon.colcon_core.verb:set package 'nrs_media_bringup' build argument 'cmake_target_skip_unavailable' from command line to 'False'
[0.211s] Level 5:colcon.colcon_core.verb:set package 'nrs_media_bringup' build argument 'cmake_clean_cache' from command line to 'False'
[0.211s] Level 5:colcon.colcon_core.verb:set package 'nrs_media_bringup' build argument 'cmake_clean_first' from command line to 'False'
[0.211s] Level 5:colcon.colcon_core.verb:set package 'nrs_media_bringup' build argument 'cmake_force_configure' from command line to 'False'
[0.211s] Level 5:colcon.colcon_core.verb:set package 'nrs_media_bringup' build argument 'ament_cmake_args' from command line to 'None'
[0.211s] Level 5:colcon.colcon_core.verb:set package 'nrs_media_bringup' build argument 'catkin_cmake_args' from command line to 'None'
[0.211s] Level 5:colcon.colcon_core.verb:set package 'nrs_media_bringup' build argument 'catkin_skip_building_tests' from command line to 'False'
[0.211s] DEBUG:colcon.colcon_core.verb:Building package 'nrs_media_bringup' with the following arguments: {'ament_cmake_args': None, 'build_base': '/home/eunseop/nrs_media/build/nrs_media_bringup', 'catkin_cmake_args': None, 'catkin_skip_building_tests': False, 'cmake_args': None, 'cmake_clean_cache': False, 'cmake_clean_first': False, 'cmake_force_configure': False, 'cmake_target': None, 'cmake_target_skip_unavailable': False, 'install_base': '/home/eunseop/nrs_media/install/nrs_media_bringup', 'merge_install': False, 'path': '/home/eunseop/nrs_media/src/nrs_media_bringup', 'symlink_install': True, 'test_result_base': None}
[0.211s] Level 5:colcon.colcon_core.verb:set package 'nrs_mediapipe' build argument 'cmake_args' from command line to 'None'
[0.211s] Level 5:colcon.colcon_core.verb:set package 'nrs_mediapipe' build argument 'cmake_target' from command line to 'None'
[0.211s] Level 5:colcon.colcon_core.verb:set package 'nrs_mediapipe' build argument 'cmake_target_skip_unavailable' from command line to 'False'
[0.211s] Level 5:colcon.colcon_core.verb:set package 'nrs_mediapipe' build argument 'cmake_clean_cache' from command line to 'False'
[0.211s] Level 5:colcon.colcon_core.verb:set package 'nrs_mediapipe' build argument 'cmake_clean_first' from command line to 'False'
[0.211s] Level 5:colcon.colcon_core.verb:set package 'nrs_mediapipe' build argument 'cmake_force_configure' from command line to 'False'
[0.211s] Level 5:colcon.colcon_core.verb:set package 'nrs_mediapipe' build argument 'ament_cmake_args' from command line to 'None'
[0.211s] Level 5:colcon.colcon_core.verb:set package 'nrs_mediapipe' build argument 'catkin_cmake_args' from command line to 'None'
[0.211s] Level 5:colcon.colcon_core.verb:set package 'nrs_mediapipe' build argument 'catkin_skip_building_tests' from command line to 'False'
[0.211s] DEBUG:colcon.colcon_core.verb:Building package 'nrs_mediapipe' with the following arguments: {'ament_cmake_args': None, 'build_base': '/home/eunseop/nrs_media/build/nrs_mediapipe', 'catkin_cmake_args': None, 'catkin_skip_building_tests': False, 'cmake_args': None, 'cmake_clean_cache': False, 'cmake_clean_first': False, 'cmake_force_configure': False, 'cmake_target': None, 'cmake_target_skip_unavailable': False, 'install_base': '/home/eunseop/nrs_media/install/nrs_mediapipe', 'merge_install': False, 'path': '/home/eunseop/nrs_media/src/nrs_mediapipe', 'symlink_install': True, 'test_result_base': None}
[0.211s] INFO:colcon.colcon_core.executor:Executing jobs using 'parallel' executor
[0.212s] DEBUG:colcon.colcon_parallel_executor.executor.parallel:run_until_complete
[0.212s] INFO:colcon.colcon_ros.task.ament_python.build:Building ROS package in '/home/eunseop/nrs_media/src/nrs_hand_teleop' with build type 'ament_python'
[0.212s] Level 1:colcon.colcon_core.shell:create_environment_hook('nrs_hand_teleop', 'ament_prefix_path')
[0.215s] INFO:colcon.colcon_core.plugin_system:Skipping extension 'colcon_core.shell.bat': Not used on non-Windows systems
[0.215s] INFO:colcon.colcon_core.shell:Creating environment hook '/home/eunseop/nrs_media/install/nrs_hand_teleop/share/nrs_hand_teleop/hook/ament_prefix_path.ps1'
[0.215s] INFO:colcon.colcon_core.shell:Creating environment descriptor '/home/eunseop/nrs_media/install/nrs_hand_teleop/share/nrs_hand_teleop/hook/ament_prefix_path.dsv'
[0.216s] INFO:colcon.colcon_core.shell:Creating environment hook '/home/eunseop/nrs_media/install/nrs_hand_teleop/share/nrs_hand_teleop/hook/ament_prefix_path.sh'
[0.216s] INFO:colcon.colcon_core.shell:Skip shell extension 'powershell' for command environment: Not usable outside of PowerShell
[0.216s] DEBUG:colcon.colcon_core.shell:Skip shell extension 'dsv' for command environment
[0.219s] INFO:colcon.colcon_ros.task.ament_python.build:Building ROS package in '/home/eunseop/nrs_media/src/nrs_media_bringup' with build type 'ament_python'
[0.219s] Level 1:colcon.colcon_core.shell:create_environment_hook('nrs_media_bringup', 'ament_prefix_path')
[0.219s] INFO:colcon.colcon_core.shell:Creating environment hook '/home/eunseop/nrs_media/install/nrs_media_bringup/share/nrs_media_bringup/hook/ament_prefix_path.ps1'
[0.219s] INFO:colcon.colcon_core.shell:Creating environment descriptor '/home/eunseop/nrs_media/install/nrs_media_bringup/share/nrs_media_bringup/hook/ament_prefix_path.dsv'
[0.219s] INFO:colcon.colcon_core.shell:Creating environment hook '/home/eunseop/nrs_media/install/nrs_media_bringup/share/nrs_media_bringup/hook/ament_prefix_path.sh'
[0.219s] INFO:colcon.colcon_core.shell:Skip shell extension 'powershell' for command environment: Not usable outside of PowerShell
[0.220s] DEBUG:colcon.colcon_core.shell:Skip shell extension 'dsv' for command environment
[0.222s] INFO:colcon.colcon_ros.task.ament_python.build:Building ROS package in '/home/eunseop/nrs_media/src/nrs_mediapipe' with build type 'ament_python'
[0.222s] Level 1:colcon.colcon_core.shell:create_environment_hook('nrs_mediapipe', 'ament_prefix_path')
[0.222s] INFO:colcon.colcon_core.shell:Creating environment hook '/home/eunseop/nrs_media/install/nrs_mediapipe/share/nrs_mediapipe/hook/ament_prefix_path.ps1'
[0.222s] INFO:colcon.colcon_core.shell:Creating environment descriptor '/home/eunseop/nrs_media/install/nrs_mediapipe/share/nrs_mediapipe/hook/ament_prefix_path.dsv'
[0.222s] INFO:colcon.colcon_core.shell:Creating environment hook '/home/eunseop/nrs_media/install/nrs_mediapipe/share/nrs_mediapipe/hook/ament_prefix_path.sh'
[0.222s] INFO:colcon.colcon_core.shell:Skip shell extension 'powershell' for command environment: Not usable outside of PowerShell
[0.222s] DEBUG:colcon.colcon_core.shell:Skip shell extension 'dsv' for command environment
[0.348s] INFO:colcon.colcon_core.task.python.build:Building Python package in '/home/eunseop/nrs_media/src/nrs_hand_teleop'
[0.349s] INFO:colcon.colcon_core.shell:Skip shell extension 'powershell' for command environment: Not usable outside of PowerShell
[0.349s] DEBUG:colcon.colcon_core.shell:Skip shell extension 'dsv' for command environment
[0.475s] INFO:colcon.colcon_core.task.python.build:Building Python package in '/home/eunseop/nrs_media/src/nrs_media_bringup'
[0.475s] INFO:colcon.colcon_core.shell:Skip shell extension 'powershell' for command environment: Not usable outside of PowerShell
[0.475s] DEBUG:colcon.colcon_core.shell:Skip shell extension 'dsv' for command environment
[0.600s] INFO:colcon.colcon_core.task.python.build:Building Python package in '/home/eunseop/nrs_media/src/nrs_mediapipe'
[0.600s] INFO:colcon.colcon_core.shell:Skip shell extension 'powershell' for command environment: Not usable outside of PowerShell
[0.600s] DEBUG:colcon.colcon_core.shell:Skip shell extension 'dsv' for command environment
[0.802s] DEBUG:colcon.colcon_core.event_handler.log_command:Invoking command in '/home/eunseop/nrs_media/build/nrs_mediapipe': PYTHONPATH=/home/eunseop/nrs_media/build/nrs_mediapipe/prefix_override:/usr/lib/python3/dist-packages/colcon_core/task/python/colcon_distutils_commands:/home/eunseop/nrs_media/install/nrs_mediapipe/lib/python3.10/site-packages:${PYTHONPATH} /usr/bin/python3 -W ignore:setup.py install is deprecated -W ignore:easy_install command is deprecated setup.py develop --editable --build-directory /home/eunseop/nrs_media/build/nrs_mediapipe/build --no-deps symlink_data
[0.804s] DEBUG:colcon.colcon_core.task.python.build:While undoing a previous installation files outside the Python library path are being ignored: /home/eunseop/nrs_media/install/nrs_hand_teleop/share/ament_index/resource_index/packages/nrs_hand_teleop
[0.805s] DEBUG:colcon.colcon_core.task.python.build:While undoing a previous installation files outside the Python library path are being ignored: /home/eunseop/nrs_media/install/nrs_hand_teleop/share/nrs_hand_teleop/package.xml
[0.805s] DEBUG:colcon.colcon_core.task.python.build:While undoing a previous installation files outside the Python library path are being ignored: /home/eunseop/nrs_media/install/nrs_hand_teleop/lib/nrs_hand_teleop/hand_teleop_node
[0.806s] DEBUG:colcon.colcon_core.event_handler.log_command:Invoking command in '/home/eunseop/nrs_media/build/nrs_hand_teleop': PYTHONPATH=/home/eunseop/nrs_media/build/nrs_hand_teleop/prefix_override:/usr/lib/python3/dist-packages/colcon_core/task/python/colcon_distutils_commands:/home/eunseop/nrs_media/install/nrs_hand_teleop/lib/python3.10/site-packages:${PYTHONPATH} /usr/bin/python3 -W ignore:setup.py install is deprecated -W ignore:easy_install command is deprecated setup.py develop --editable --build-directory /home/eunseop/nrs_media/build/nrs_hand_teleop/build --no-deps symlink_data --force
[0.807s] DEBUG:colcon.colcon_core.event_handler.log_command:Invoking command in '/home/eunseop/nrs_media/build/nrs_media_bringup': PYTHONPATH=/home/eunseop/nrs_media/build/nrs_media_bringup/prefix_override:/usr/lib/python3/dist-packages/colcon_core/task/python/colcon_distutils_commands:/home/eunseop/nrs_media/install/nrs_media_bringup/lib/python3.10/site-packages:${PYTHONPATH} /usr/bin/python3 -W ignore:setup.py install is deprecated -W ignore:easy_install command is deprecated setup.py develop --editable --build-directory /home/eunseop/nrs_media/build/nrs_media_bringup/build --no-deps symlink_data
[1.033s] Level 1:colcon.colcon_core.shell:create_environment_hook('nrs_media_bringup', 'pythonpath_develop')
[1.034s] INFO:colcon.colcon_core.shell:Creating environment hook '/home/eunseop/nrs_media/build/nrs_media_bringup/share/nrs_media_bringup/hook/pythonpath_develop.ps1'
[1.034s] DEBUG:colcon.colcon_core.event_handler.log_command:Invoked command in '/home/eunseop/nrs_media/build/nrs_media_bringup' returned '0': PYTHONPATH=/home/eunseop/nrs_media/build/nrs_media_bringup/prefix_override:/usr/lib/python3/dist-packages/colcon_core/task/python/colcon_distutils_commands:/home/eunseop/nrs_media/install/nrs_media_bringup/lib/python3.10/site-packages:${PYTHONPATH} /usr/bin/python3 -W ignore:setup.py install is deprecated -W ignore:easy_install command is deprecated setup.py develop --editable --build-directory /home/eunseop/nrs_media/build/nrs_media_bringup/build --no-deps symlink_data
[1.034s] INFO:colcon.colcon_core.shell:Creating environment descriptor '/home/eunseop/nrs_media/build/nrs_media_bringup/share/nrs_media_bringup/hook/pythonpath_develop.dsv'
[1.035s] INFO:colcon.colcon_core.shell:Creating environment hook '/home/eunseop/nrs_media/build/nrs_media_bringup/share/nrs_media_bringup/hook/pythonpath_develop.sh'
[1.038s] Level 1:colcon.colcon_core.environment:checking '/home/eunseop/nrs_media/install/nrs_media_bringup' for CMake module files
[1.038s] Level 1:colcon.colcon_core.environment:checking '/home/eunseop/nrs_media/install/nrs_media_bringup' for CMake config files
[1.039s] Level 1:colcon.colcon_core.environment:checking '/home/eunseop/nrs_media/install/nrs_media_bringup/lib'
[1.039s] Level 1:colcon.colcon_core.environment:checking '/home/eunseop/nrs_media/install/nrs_media_bringup/bin'
[1.039s] Level 1:colcon.colcon_core.environment:checking '/home/eunseop/nrs_media/install/nrs_media_bringup/lib/pkgconfig/nrs_media_bringup.pc'
[1.039s] Level 1:colcon.colcon_core.environment:checking '/home/eunseop/nrs_media/install/nrs_media_bringup/lib/python3.10/site-packages'
[1.039s] Level 1:colcon.colcon_core.shell:create_environment_hook('nrs_media_bringup', 'pythonpath')
[1.039s] INFO:colcon.colcon_core.shell:Creating environment hook '/home/eunseop/nrs_media/install/nrs_media_bringup/share/nrs_media_bringup/hook/pythonpath.ps1'
[1.039s] INFO:colcon.colcon_core.shell:Creating environment descriptor '/home/eunseop/nrs_media/install/nrs_media_bringup/share/nrs_media_bringup/hook/pythonpath.dsv'
[1.039s] INFO:colcon.colcon_core.shell:Creating environment hook '/home/eunseop/nrs_media/install/nrs_media_bringup/share/nrs_media_bringup/hook/pythonpath.sh'
[1.040s] Level 1:colcon.colcon_core.environment:checking '/home/eunseop/nrs_media/install/nrs_media_bringup/bin'
[1.040s] Level 1:colcon.colcon_core.environment:create_environment_scripts_only(nrs_media_bringup)
[1.040s] INFO:colcon.colcon_core.shell:Creating package script '/home/eunseop/nrs_media/install/nrs_media_bringup/share/nrs_media_bringup/package.ps1'
[1.041s] INFO:colcon.colcon_core.shell:Creating package descriptor '/home/eunseop/nrs_media/install/nrs_media_bringup/share/nrs_media_bringup/package.dsv'
[1.041s] INFO:colcon.colcon_core.shell:Creating package script '/home/eunseop/nrs_media/install/nrs_media_bringup/share/nrs_media_bringup/package.sh'
[1.041s] INFO:colcon.colcon_core.shell:Creating package script '/home/eunseop/nrs_media/install/nrs_media_bringup/share/nrs_media_bringup/package.bash'
[1.042s] INFO:colcon.colcon_core.shell:Creating package script '/home/eunseop/nrs_media/install/nrs_media_bringup/share/nrs_media_bringup/package.zsh'
[1.042s] Level 1:colcon.colcon_core.environment:create_file_with_runtime_dependencies(/home/eunseop/nrs_media/install/nrs_media_bringup/share/colcon-core/packages/nrs_media_bringup)
[1.043s] Level 1:colcon.colcon_core.shell:create_environment_hook('nrs_hand_teleop', 'pythonpath_develop')
[1.043s] INFO:colcon.colcon_core.shell:Creating environment hook '/home/eunseop/nrs_media/build/nrs_hand_teleop/share/nrs_hand_teleop/hook/pythonpath_develop.ps1'
[1.043s] DEBUG:colcon.colcon_core.event_handler.log_command:Invoked command in '/home/eunseop/nrs_media/build/nrs_hand_teleop' returned '0': PYTHONPATH=/home/eunseop/nrs_media/build/nrs_hand_teleop/prefix_override:/usr/lib/python3/dist-packages/colcon_core/task/python/colcon_distutils_commands:/home/eunseop/nrs_media/install/nrs_hand_teleop/lib/python3.10/site-packages:${PYTHONPATH} /usr/bin/python3 -W ignore:setup.py install is deprecated -W ignore:easy_install command is deprecated setup.py develop --editable --build-directory /home/eunseop/nrs_media/build/nrs_hand_teleop/build --no-deps symlink_data --force
[1.044s] INFO:colcon.colcon_core.shell:Creating environment descriptor '/home/eunseop/nrs_media/build/nrs_hand_teleop/share/nrs_hand_teleop/hook/pythonpath_develop.dsv'
[1.044s] INFO:colcon.colcon_core.shell:Creating environment hook '/home/eunseop/nrs_media/build/nrs_hand_teleop/share/nrs_hand_teleop/hook/pythonpath_develop.sh'
[1.044s] Level 1:colcon.colcon_core.environment:checking '/home/eunseop/nrs_media/install/nrs_hand_teleop' for CMake module files
[1.044s] Level 1:colcon.colcon_core.environment:checking '/home/eunseop/nrs_media/install/nrs_hand_teleop' for CMake config files
[1.044s] Level 1:colcon.colcon_core.environment:checking '/home/eunseop/nrs_media/install/nrs_hand_teleop/lib'
[1.044s] Level 1:colcon.colcon_core.environment:checking '/home/eunseop/nrs_media/install/nrs_hand_teleop/bin'
[1.044s] Level 1:colcon.colcon_core.environment:checking '/home/eunseop/nrs_media/install/nrs_hand_teleop/lib/pkgconfig/nrs_hand_teleop.pc'
[1.044s] Level 1:colcon.colcon_core.environment:checking '/home/eunseop/nrs_media/install/nrs_hand_teleop/lib/python3.10/site-packages'
[1.044s] Level 1:colcon.colcon_core.shell:create_environment_hook('nrs_hand_teleop', 'pythonpath')
[1.044s] INFO:colcon.colcon_core.shell:Creating environment hook '/home/eunseop/nrs_media/install/nrs_hand_teleop/share/nrs_hand_teleop/hook/pythonpath.ps1'
[1.045s] INFO:colcon.colcon_core.shell:Creating environment descriptor '/home/eunseop/nrs_media/install/nrs_hand_teleop/share/nrs_hand_teleop/hook/pythonpath.dsv'
[1.045s] INFO:colcon.colcon_core.shell:Creating environment hook '/home/eunseop/nrs_media/install/nrs_hand_teleop/share/nrs_hand_teleop/hook/pythonpath.sh'
[1.045s] Level 1:colcon.colcon_core.environment:checking '/home/eunseop/nrs_media/install/nrs_hand_teleop/bin'
[1.045s] Level 1:colcon.colcon_core.environment:create_environment_scripts_only(nrs_hand_teleop)
[1.045s] INFO:colcon.colcon_core.shell:Creating package script '/home/eunseop/nrs_media/install/nrs_hand_teleop/share/nrs_hand_teleop/package.ps1'
[1.045s] INFO:colcon.colcon_core.shell:Creating package descriptor '/home/eunseop/nrs_media/install/nrs_hand_teleop/share/nrs_hand_teleop/package.dsv'
[1.045s] INFO:colcon.colcon_core.shell:Creating package script '/home/eunseop/nrs_media/install/nrs_hand_teleop/share/nrs_hand_teleop/package.sh'
[1.046s] INFO:colcon.colcon_core.shell:Creating package script '/home/eunseop/nrs_media/install/nrs_hand_teleop/share/nrs_hand_teleop/package.bash'
[1.046s] INFO:colcon.colcon_core.shell:Creating package script '/home/eunseop/nrs_media/install/nrs_hand_teleop/share/nrs_hand_teleop/package.zsh'
[1.046s] Level 1:colcon.colcon_core.environment:create_file_with_runtime_dependencies(/home/eunseop/nrs_media/install/nrs_hand_teleop/share/colcon-core/packages/nrs_hand_teleop)
[1.046s] Level 1:colcon.colcon_core.shell:create_environment_hook('nrs_mediapipe', 'pythonpath_develop')
[1.046s] INFO:colcon.colcon_core.shell:Creating environment hook '/home/eunseop/nrs_media/build/nrs_mediapipe/share/nrs_mediapipe/hook/pythonpath_develop.ps1'
[1.046s] INFO:colcon.colcon_core.shell:Creating environment descriptor '/home/eunseop/nrs_media/build/nrs_mediapipe/share/nrs_mediapipe/hook/pythonpath_develop.dsv'
[1.046s] DEBUG:colcon.colcon_core.event_handler.log_command:Invoked command in '/home/eunseop/nrs_media/build/nrs_mediapipe' returned '0': PYTHONPATH=/home/eunseop/nrs_media/build/nrs_mediapipe/prefix_override:/usr/lib/python3/dist-packages/colcon_core/task/python/colcon_distutils_commands:/home/eunseop/nrs_media/install/nrs_mediapipe/lib/python3.10/site-packages:${PYTHONPATH} /usr/bin/python3 -W ignore:setup.py install is deprecated -W ignore:easy_install command is deprecated setup.py develop --editable --build-directory /home/eunseop/nrs_media/build/nrs_mediapipe/build --no-deps symlink_data
[1.047s] INFO:colcon.colcon_core.shell:Creating environment hook '/home/eunseop/nrs_media/build/nrs_mediapipe/share/nrs_mediapipe/hook/pythonpath_develop.sh'
[1.047s] Level 1:colcon.colcon_core.environment:checking '/home/eunseop/nrs_media/install/nrs_mediapipe' for CMake module files
[1.047s] Level 1:colcon.colcon_core.environment:checking '/home/eunseop/nrs_media/install/nrs_mediapipe' for CMake config files
[1.047s] Level 1:colcon.colcon_core.environment:checking '/home/eunseop/nrs_media/install/nrs_mediapipe/lib'
[1.047s] Level 1:colcon.colcon_core.environment:checking '/home/eunseop/nrs_media/install/nrs_mediapipe/bin'
[1.047s] Level 1:colcon.colcon_core.environment:checking '/home/eunseop/nrs_media/install/nrs_mediapipe/lib/pkgconfig/nrs_mediapipe.pc'
[1.047s] Level 1:colcon.colcon_core.environment:checking '/home/eunseop/nrs_media/install/nrs_mediapipe/lib/python3.10/site-packages'
[1.047s] Level 1:colcon.colcon_core.shell:create_environment_hook('nrs_mediapipe', 'pythonpath')
[1.047s] INFO:colcon.colcon_core.shell:Creating environment hook '/home/eunseop/nrs_media/install/nrs_mediapipe/share/nrs_mediapipe/hook/pythonpath.ps1'
[1.047s] INFO:colcon.colcon_core.shell:Creating environment descriptor '/home/eunseop/nrs_media/install/nrs_mediapipe/share/nrs_mediapipe/hook/pythonpath.dsv'
[1.048s] INFO:colcon.colcon_core.shell:Creating environment hook '/home/eunseop/nrs_media/install/nrs_mediapipe/share/nrs_mediapipe/hook/pythonpath.sh'
[1.048s] Level 1:colcon.colcon_core.environment:checking '/home/eunseop/nrs_media/install/nrs_mediapipe/bin'
[1.048s] Level 1:colcon.colcon_core.environment:create_environment_scripts_only(nrs_mediapipe)
[1.048s] INFO:colcon.colcon_core.shell:Creating package script '/home/eunseop/nrs_media/install/nrs_mediapipe/share/nrs_mediapipe/package.ps1'
[1.048s] INFO:colcon.colcon_core.shell:Creating package descriptor '/home/eunseop/nrs_media/install/nrs_mediapipe/share/nrs_mediapipe/package.dsv'
[1.048s] INFO:colcon.colcon_core.shell:Creating package script '/home/eunseop/nrs_media/install/nrs_mediapipe/share/nrs_mediapipe/package.sh'
[1.049s] INFO:colcon.colcon_core.shell:Creating package script '/home/eunseop/nrs_media/install/nrs_mediapipe/share/nrs_mediapipe/package.bash'
[1.049s] INFO:colcon.colcon_core.shell:Creating package script '/home/eunseop/nrs_media/install/nrs_mediapipe/share/nrs_mediapipe/package.zsh'
[1.049s] Level 1:colcon.colcon_core.environment:create_file_with_runtime_dependencies(/home/eunseop/nrs_media/install/nrs_mediapipe/share/colcon-core/packages/nrs_mediapipe)
[1.049s] DEBUG:colcon.colcon_parallel_executor.executor.parallel:closing loop
[1.049s] DEBUG:colcon.colcon_parallel_executor.executor.parallel:loop closed
[1.049s] DEBUG:colcon.colcon_parallel_executor.executor.parallel:run_until_complete finished with '0'
[1.049s] DEBUG:colcon.colcon_core.event_reactor:joining thread
[1.052s] INFO:colcon.colcon_core.plugin_system:Skipping extension 'colcon_notification.desktop_notification.terminal_notifier': Not used on non-Darwin systems
[1.052s] INFO:colcon.colcon_core.plugin_system:Skipping extension 'colcon_notification.desktop_notification.win32': Not used on non-Windows systems
[1.052s] INFO:colcon.colcon_notification.desktop_notification:Sending desktop notification using 'notify2'
[1.059s] DEBUG:colcon.colcon_core.event_reactor:joined thread
[1.059s] INFO:colcon.colcon_core.shell:Creating prefix script '/home/eunseop/nrs_media/install/local_setup.ps1'
[1.060s] INFO:colcon.colcon_core.shell:Creating prefix util module '/home/eunseop/nrs_media/install/_local_setup_util_ps1.py'
[1.061s] INFO:colcon.colcon_core.shell:Creating prefix chain script '/home/eunseop/nrs_media/install/setup.ps1'
[1.061s] INFO:colcon.colcon_core.shell:Creating prefix script '/home/eunseop/nrs_media/install/local_setup.sh'
[1.062s] INFO:colcon.colcon_core.shell:Creating prefix util module '/home/eunseop/nrs_media/install/_local_setup_util_sh.py'
[1.062s] INFO:colcon.colcon_core.shell:Creating prefix chain script '/home/eunseop/nrs_media/install/setup.sh'
[1.063s] INFO:colcon.colcon_core.shell:Creating prefix script '/home/eunseop/nrs_media/install/local_setup.bash'
[1.063s] INFO:colcon.colcon_core.shell:Creating prefix chain script '/home/eunseop/nrs_media/install/setup.bash'
[1.064s] INFO:colcon.colcon_core.shell:Creating prefix script '/home/eunseop/nrs_media/install/local_setup.zsh'
[1.064s] INFO:colcon.colcon_core.shell:Creating prefix chain script '/home/eunseop/nrs_media/install/setup.zsh'
