/home/eunseop/anaconda3/envs/env_hand/lib/python3.10/site-packages/setuptools/_distutils/dist.py:289: UserWarning: Unknown distribution option: 'tests_require'
  warnings.warn(msg)
running develop
Removing /home/eunseop/nrs_media/install/nrs_hand_teleop/lib/python3.10/site-packages/nrs-hand-teleop.egg-link (link to .)
/home/eunseop/anaconda3/envs/env_hand/lib/python3.10/site-packages/setuptools/_distutils/dist.py:289: UserWarning: Unknown distribution option: 'tests_require'
  warnings.warn(msg)
running egg_info
writing ../../build/nrs_hand_teleop/nrs_hand_teleop.egg-info/PKG-INFO
writing dependency_links to ../../build/nrs_hand_teleop/nrs_hand_teleop.egg-info/dependency_links.txt
writing entry points to ../../build/nrs_hand_teleop/nrs_hand_teleop.egg-info/entry_points.txt
writing requirements to ../../build/nrs_hand_teleop/nrs_hand_teleop.egg-info/requires.txt
writing top-level names to ../../build/nrs_hand_teleop/nrs_hand_teleop.egg-info/top_level.txt
reading manifest file '../../build/nrs_hand_teleop/nrs_hand_teleop.egg-info/SOURCES.txt'
writing manifest file '../../build/nrs_hand_teleop/nrs_hand_teleop.egg-info/SOURCES.txt'
running build
running build_py
creating /home/eunseop/nrs_media/build/nrs_hand_teleop/build/lib/nrs_hand_teleop
copying nrs_hand_teleop/__init__.py -> /home/eunseop/nrs_media/build/nrs_hand_teleop/build/lib/nrs_hand_teleop
copying nrs_hand_teleop/hand_teleop_node.py -> /home/eunseop/nrs_media/build/nrs_hand_teleop/build/lib/nrs_hand_teleop
running install
running install_lib
creating /home/eunseop/nrs_media/install/nrs_hand_teleop/lib/python3.10/site-packages/nrs_hand_teleop
copying /home/eunseop/nrs_media/build/nrs_hand_teleop/build/lib/nrs_hand_teleop/__init__.py -> /home/eunseop/nrs_media/install/nrs_hand_teleop/lib/python3.10/site-packages/nrs_hand_teleop
copying /home/eunseop/nrs_media/build/nrs_hand_teleop/build/lib/nrs_hand_teleop/hand_teleop_node.py -> /home/eunseop/nrs_media/install/nrs_hand_teleop/lib/python3.10/site-packages/nrs_hand_teleop
byte-compiling /home/eunseop/nrs_media/install/nrs_hand_teleop/lib/python3.10/site-packages/nrs_hand_teleop/__init__.py to __init__.cpython-310.pyc
byte-compiling /home/eunseop/nrs_media/install/nrs_hand_teleop/lib/python3.10/site-packages/nrs_hand_teleop/hand_teleop_node.py to hand_teleop_node.cpython-310.pyc
running install_data
copying resource/nrs_hand_teleop -> /home/eunseop/nrs_media/install/nrs_hand_teleop/share/ament_index/resource_index/packages
copying package.xml -> /home/eunseop/nrs_media/install/nrs_hand_teleop/share/nrs_hand_teleop
running install_egg_info
Copying ../../build/nrs_hand_teleop/nrs_hand_teleop.egg-info to /home/eunseop/nrs_media/install/nrs_hand_teleop/lib/python3.10/site-packages/nrs_hand_teleop-0.0.1-py3.10.egg-info
running install_scripts
Installing hand_teleop_node script to /home/eunseop/nrs_media/install/nrs_hand_teleop/lib/nrs_hand_teleop
writing list of installed files to '/home/eunseop/nrs_media/build/nrs_hand_teleop/install.log'
