[0.313s] Invoking command in '/home/eunseop/nrs_media/build/nrs_hand_teleop': CONDA_PROMPT_MODIFIER=(env_hand) PYTHONPATH=/home/eunseop/nrs_media/build/nrs_hand_teleop/prefix_override:/home/eunseop/anaconda3/envs/env_hand/lib/python3.10/site-packages/colcon_core/task/python/colcon_distutils_commands:/home/eunseop/nrs_media/install/nrs_hand_teleop/lib/python3.10/site-packages:${PYTHONPATH} /home/eunseop/anaconda3/envs/env_hand/bin/python3 -W ignore:setup.py install is deprecated -W ignore:easy_install command is deprecated setup.py develop --uninstall --editable --build-directory /home/eunseop/nrs_media/build/nrs_hand_teleop/build
[0.384s] /home/eunseop/anaconda3/envs/env_hand/lib/python3.10/site-packages/setuptools/_distutils/dist.py:289: UserWarning: Unknown distribution option: 'tests_require'
[0.384s]   warnings.warn(msg)
[0.431s] running develop
[0.488s] Removing /home/eunseop/nrs_media/install/nrs_hand_teleop/lib/python3.10/site-packages/nrs-hand-teleop.egg-link (link to .)
[0.504s] Invoked command in '/home/eunseop/nrs_media/build/nrs_hand_teleop' returned '0': CONDA_PROMPT_MODIFIER=(env_hand) PYTHONPATH=/home/eunseop/nrs_media/build/nrs_hand_teleop/prefix_override:/home/eunseop/anaconda3/envs/env_hand/lib/python3.10/site-packages/colcon_core/task/python/colcon_distutils_commands:/home/eunseop/nrs_media/install/nrs_hand_teleop/lib/python3.10/site-packages:${PYTHONPATH} /home/eunseop/anaconda3/envs/env_hand/bin/python3 -W ignore:setup.py install is deprecated -W ignore:easy_install command is deprecated setup.py develop --uninstall --editable --build-directory /home/eunseop/nrs_media/build/nrs_hand_teleop/build
[0.505s] Invoking command in '/home/eunseop/nrs_media/src/nrs_hand_teleop': CONDA_PROMPT_MODIFIER=(env_hand) PYTHONPATH=/home/eunseop/nrs_media/build/nrs_hand_teleop/prefix_override:/home/eunseop/anaconda3/envs/env_hand/lib/python3.10/site-packages/colcon_core/task/python/colcon_distutils_commands:/home/eunseop/nrs_media/install/nrs_hand_teleop/lib/python3.10/site-packages:${PYTHONPATH} /home/eunseop/anaconda3/envs/env_hand/bin/python3 -W ignore:setup.py install is deprecated -W ignore:easy_install command is deprecated setup.py egg_info --egg-base ../../build/nrs_hand_teleop build --build-base /home/eunseop/nrs_media/build/nrs_hand_teleop/build install --record /home/eunseop/nrs_media/build/nrs_hand_teleop/install.log --single-version-externally-managed install_data --force
[0.573s] /home/eunseop/anaconda3/envs/env_hand/lib/python3.10/site-packages/setuptools/_distutils/dist.py:289: UserWarning: Unknown distribution option: 'tests_require'
[0.573s]   warnings.warn(msg)
[0.603s] running egg_info
[0.608s] writing ../../build/nrs_hand_teleop/nrs_hand_teleop.egg-info/PKG-INFO
[0.608s] writing dependency_links to ../../build/nrs_hand_teleop/nrs_hand_teleop.egg-info/dependency_links.txt
[0.608s] writing entry points to ../../build/nrs_hand_teleop/nrs_hand_teleop.egg-info/entry_points.txt
[0.608s] writing requirements to ../../build/nrs_hand_teleop/nrs_hand_teleop.egg-info/requires.txt
[0.608s] writing top-level names to ../../build/nrs_hand_teleop/nrs_hand_teleop.egg-info/top_level.txt
[0.620s] reading manifest file '../../build/nrs_hand_teleop/nrs_hand_teleop.egg-info/SOURCES.txt'
[0.620s] writing manifest file '../../build/nrs_hand_teleop/nrs_hand_teleop.egg-info/SOURCES.txt'
[0.620s] running build
[0.620s] running build_py
[0.620s] creating /home/eunseop/nrs_media/build/nrs_hand_teleop/build/lib/nrs_hand_teleop
[0.620s] copying nrs_hand_teleop/__init__.py -> /home/eunseop/nrs_media/build/nrs_hand_teleop/build/lib/nrs_hand_teleop
[0.620s] copying nrs_hand_teleop/hand_teleop_node.py -> /home/eunseop/nrs_media/build/nrs_hand_teleop/build/lib/nrs_hand_teleop
[0.620s] running install
[0.622s] running install_lib
[0.627s] creating /home/eunseop/nrs_media/install/nrs_hand_teleop/lib/python3.10/site-packages/nrs_hand_teleop
[0.627s] copying /home/eunseop/nrs_media/build/nrs_hand_teleop/build/lib/nrs_hand_teleop/__init__.py -> /home/eunseop/nrs_media/install/nrs_hand_teleop/lib/python3.10/site-packages/nrs_hand_teleop
[0.627s] copying /home/eunseop/nrs_media/build/nrs_hand_teleop/build/lib/nrs_hand_teleop/hand_teleop_node.py -> /home/eunseop/nrs_media/install/nrs_hand_teleop/lib/python3.10/site-packages/nrs_hand_teleop
[0.628s] byte-compiling /home/eunseop/nrs_media/install/nrs_hand_teleop/lib/python3.10/site-packages/nrs_hand_teleop/__init__.py to __init__.cpython-310.pyc
[0.628s] byte-compiling /home/eunseop/nrs_media/install/nrs_hand_teleop/lib/python3.10/site-packages/nrs_hand_teleop/hand_teleop_node.py to hand_teleop_node.cpython-310.pyc
[0.629s] running install_data
[0.629s] copying resource/nrs_hand_teleop -> /home/eunseop/nrs_media/install/nrs_hand_teleop/share/ament_index/resource_index/packages
[0.629s] copying package.xml -> /home/eunseop/nrs_media/install/nrs_hand_teleop/share/nrs_hand_teleop
[0.629s] running install_egg_info
[0.635s] Copying ../../build/nrs_hand_teleop/nrs_hand_teleop.egg-info to /home/eunseop/nrs_media/install/nrs_hand_teleop/lib/python3.10/site-packages/nrs_hand_teleop-0.0.1-py3.10.egg-info
[0.636s] running install_scripts
[0.675s] Installing hand_teleop_node script to /home/eunseop/nrs_media/install/nrs_hand_teleop/lib/nrs_hand_teleop
[0.675s] writing list of installed files to '/home/eunseop/nrs_media/build/nrs_hand_teleop/install.log'
[0.688s] Invoked command in '/home/eunseop/nrs_media/src/nrs_hand_teleop' returned '0': CONDA_PROMPT_MODIFIER=(env_hand) PYTHONPATH=/home/eunseop/nrs_media/build/nrs_hand_teleop/prefix_override:/home/eunseop/anaconda3/envs/env_hand/lib/python3.10/site-packages/colcon_core/task/python/colcon_distutils_commands:/home/eunseop/nrs_media/install/nrs_hand_teleop/lib/python3.10/site-packages:${PYTHONPATH} /home/eunseop/anaconda3/envs/env_hand/bin/python3 -W ignore:setup.py install is deprecated -W ignore:easy_install command is deprecated setup.py egg_info --egg-base ../../build/nrs_hand_teleop build --build-base /home/eunseop/nrs_media/build/nrs_hand_teleop/build install --record /home/eunseop/nrs_media/build/nrs_hand_teleop/install.log --single-version-externally-managed install_data --force
