[0.451s] Invoking command in '/home/eunseop/nrs_media/build/nrs_mediapipe': CONDA_PROMPT_MODIFIER=(env_hand) PYTHONPATH=/home/eunseop/nrs_media/build/nrs_mediapipe/prefix_override:/home/eunseop/anaconda3/envs/env_hand/lib/python3.10/site-packages/colcon_core/task/python/colcon_distutils_commands:/home/eunseop/nrs_media/install/nrs_mediapipe/lib/python3.10/site-packages:${PYTHONPATH} /home/eunseop/anaconda3/envs/env_hand/bin/python3 -W ignore:setup.py install is deprecated -W ignore:easy_install command is deprecated setup.py develop --editable --build-directory /home/eunseop/nrs_media/build/nrs_mediapipe/build --no-deps symlink_data
[0.518s] /home/eunseop/anaconda3/envs/env_hand/lib/python3.10/site-packages/setuptools/_distutils/dist.py:289: UserWarning: Unknown distribution option: 'tests_require'
[0.518s]   warnings.warn(msg)
[0.568s] running develop
[0.622s] running egg_info
[0.627s] creating nrs_mediapipe.egg-info
[0.627s] writing nrs_mediapipe.egg-info/PKG-INFO
[0.627s] writing dependency_links to nrs_mediapipe.egg-info/dependency_links.txt
[0.627s] writing entry points to nrs_mediapipe.egg-info/entry_points.txt
[0.627s] writing requirements to nrs_mediapipe.egg-info/requires.txt
[0.627s] writing top-level names to nrs_mediapipe.egg-info/top_level.txt
[0.627s] writing manifest file 'nrs_mediapipe.egg-info/SOURCES.txt'
[0.637s] reading manifest file 'nrs_mediapipe.egg-info/SOURCES.txt'
[0.637s] writing manifest file 'nrs_mediapipe.egg-info/SOURCES.txt'
[0.643s] running build_ext
[0.643s] Creating /home/eunseop/nrs_media/install/nrs_mediapipe/lib/python3.10/site-packages/nrs-mediapipe.egg-link (link to .)
[0.643s] Installing realsense_mediapipe_pose script to /home/eunseop/nrs_media/install/nrs_mediapipe/lib/nrs_mediapipe
[0.643s] 
[0.643s] Installed /home/eunseop/nrs_media/build/nrs_mediapipe
[0.643s] running symlink_data
[0.643s] creating /home/eunseop/nrs_media/install/nrs_mediapipe/share/ament_index/resource_index/packages
[0.643s] symbolically linking /home/eunseop/nrs_media/build/nrs_mediapipe/resource/nrs_mediapipe -> /home/eunseop/nrs_media/install/nrs_mediapipe/share/ament_index/resource_index/packages
[0.643s] symbolically linking /home/eunseop/nrs_media/build/nrs_mediapipe/package.xml -> /home/eunseop/nrs_media/install/nrs_mediapipe/share/nrs_mediapipe
[0.661s] Invoked command in '/home/eunseop/nrs_media/build/nrs_mediapipe' returned '0': CONDA_PROMPT_MODIFIER=(env_hand) PYTHONPATH=/home/eunseop/nrs_media/build/nrs_mediapipe/prefix_override:/home/eunseop/anaconda3/envs/env_hand/lib/python3.10/site-packages/colcon_core/task/python/colcon_distutils_commands:/home/eunseop/nrs_media/install/nrs_mediapipe/lib/python3.10/site-packages:${PYTHONPATH} /home/eunseop/anaconda3/envs/env_hand/bin/python3 -W ignore:setup.py install is deprecated -W ignore:easy_install command is deprecated setup.py develop --editable --build-directory /home/eunseop/nrs_media/build/nrs_mediapipe/build --no-deps symlink_data
